<?xml version="1.0" encoding="UTF-8"?>
<testng-results ignored="0" total="2" passed="2" failed="0" skipped="0">
  <reporter-output>
  </reporter-output>
  <suite started-at="2023-07-18T21:04:56 IST" name="Default suite" finished-at="2023-07-18T21:05:32 IST" duration-ms="35551">
    <groups>
    </groups>
    <test started-at="2023-07-18T21:04:56 IST" name="Default test" finished-at="2023-07-18T21:05:32 IST" duration-ms="35551">
      <class name="herokupp.herokupTesting">
        <test-method signature="CheckBrokenImage()[pri:1, instance:herokupp.herokupTesting@59309333]" started-at="2023-07-18T21:04:56 IST" name="CheckBrokenImage" finished-at="2023-07-18T21:05:13 IST" duration-ms="16483" status="PASS">
          <reporter-output>
          </reporter-output>
        </test-method> <!-- CheckBrokenImage -->
        <test-method signature="uploadFile()[pri:2, instance:herokupp.herokupTesting@59309333]" started-at="2023-07-18T21:05:13 IST" name="uploadFile" finished-at="2023-07-18T21:05:32 IST" duration-ms="18937" status="PASS">
          <reporter-output>
          </reporter-output>
        </test-method> <!-- uploadFile -->
      </class> <!-- herokupp.herokupTesting -->
    </test> <!-- Default test -->
  </suite> <!-- Default suite -->
</testng-results>
